{
  "RSpec": {
    "coverage": {
      "/home/uchida/source/sichusuimei/lib/seeds_from_csv.rb": [
        null,
        null,
        1,
        null,
        1,
        null,
        1,
        26,
        26,
        null,
        26,
        null,
        26,
        312,
        null,
        null,
        null,
        null,
        1,
        0,
        0,
        null,
        0,
        null,
        0,
        0,
        null,
        null,
        null,
        null,
        null,
        1,
        0,
        0,
        null,
        0,
        null,
        0,
        0,
        null,
        null,
        null,
        null,
        1,
        0,
        0,
        null,
        0,
        null,
        0,
        0,
        null,
        null,
        null,
        null,
        null,
        1,
        0,
        0,
        null,
        0,
        null,
        0,
        0,
        null,
        null,
        null,
        null,
        1,
        0,
        0,
        null,
        0,
        null,
        0,
        0,
        null,
        null,
        null,
        null,
        1,
        0,
        0,
        null,
        0,
        null,
        0,
        0,
        null,
        null,
        null,
        null,
        1,
        0,
        0,
        null,
        0,
        null,
        0,
        0,
        0,
        null,
        0,
        null,
        null,
        null,
        null,
        null,
        1,
        26,
        26,
        null,
        26,
        null,
        26,
        624,
        null,
        null,
        null,
        null,
        1,
        26,
        26,
        null,
        26,
        null,
        26,
        208,
        null,
        null,
        null,
        null
      ]
    },
    "timestamp": 1367225456
  }
}
