{
  "RSpec": {
    "coverage": {
      "/home/uchida/source/sichusuimei/lib/seeds_from_csv.rb": [
        null,
        null,
        1,
        null,
        1,
        null,
        1,
        40,
        null,
        40,
        null,
        40,
        null,
        40,
        null,
        40,
        null,
        40,
        null,
        40,
        null,
        40,
        null,
        40,
        null,
        40,
        null,
        40,
        null,
        40,
        null,
        null,
        null,
        1,
        40,
        40,
        null,
        40,
        null,
        40,
        480,
        null,
        null,
        null,
        null,
        1,
        40,
        40,
        null,
        40,
        null,
        40,
        400,
        null,
        null,
        null,
        null,
        null,
        1,
        40,
        40,
        null,
        40,
        null,
        40,
        200,
        null,
        null,
        null,
        null,
        1,
        40,
        40,
        null,
        40,
        null,
        40,
        400,
        null,
        null,
        null,
        null,
        null,
        1,
        40,
        40,
        null,
        40,
        null,
        40,
        480,
        null,
        null,
        null,
        null,
        1,
        40,
        40,
        null,
        40,
        null,
        40,
        960,
        null,
        null,
        null,
        null,
        1,
        40,
        40,
        null,
        40,
        null,
        40,
        960,
        640,
        null,
        320,
        null,
        null,
        null,
        null,
        null,
        1,
        40,
        40,
        null,
        40,
        null,
        40,
        5800,
        null,
        null,
        null,
        null,
        1,
        40,
        40,
        null,
        40,
        null,
        40,
        960,
        null,
        null,
        null,
        null,
        1,
        40,
        40,
        null,
        40,
        null,
        40,
        280,
        null,
        null,
        null,
        null,
        1,
        40,
        40,
        null,
        40,
        null,
        40,
        1840,
        null,
        null,
        null,
        null,
        1,
        40,
        40,
        null,
        40,
        null,
        40,
        920,
        null,
        null,
        null,
        null,
        null
      ]
    },
    "timestamp": 1369637769
  }
}
